Unity Editor version:    2022.3.1f1 (f18e0c1b5784)
Branch:                  2022.3/staging
Build type:              Release
Batch mode:              YES
macOS version:           Version 12.6.6 (Build 21G646)
Darwin version:          21.6.0
Architecture:            x86_64
Running under Rosetta:   NO
Available memory:        65536 MB
Using pre-set license
Pro License: YES

COMMAND LINE ARGUMENTS:
/Applications/Unity/Hub/Editor/2022.3.1f1/Unity.app/Contents/MacOS/Unity
-adb2
-batchMode
-noUpm
-name
AssetImportWorker0
-projectPath
/Users/linkedin/Kitchen
-logFile
Logs/AssetImportWorker0.log
-srvPort
64335
Successfully changed project path to: /Users/linkedin/Kitchen
/Users/linkedin/Kitchen
[UnityMemory] Configuration Parameters - Can be set up in boot.config
    "memorysetup-bucket-allocator-granularity=16"
    "memorysetup-bucket-allocator-bucket-count=8"
    "memorysetup-bucket-allocator-block-size=33554432"
    "memorysetup-bucket-allocator-block-count=8"
    "memorysetup-main-allocator-block-size=16777216"
    "memorysetup-thread-allocator-block-size=16777216"
    "memorysetup-gfx-main-allocator-block-size=16777216"
    "memorysetup-gfx-thread-allocator-block-size=16777216"
    "memorysetup-cache-allocator-block-size=4194304"
    "memorysetup-typetree-allocator-block-size=2097152"
    "memorysetup-profiler-bucket-allocator-granularity=16"
    "memorysetup-profiler-bucket-allocator-bucket-count=8"
    "memorysetup-profiler-bucket-allocator-block-size=33554432"
    "memorysetup-profiler-bucket-allocator-block-count=8"
    "memorysetup-profiler-allocator-block-size=16777216"
    "memorysetup-profiler-editor-allocator-block-size=1048576"
    "memorysetup-temp-allocator-size-main=16777216"
    "memorysetup-job-temp-allocator-block-size=2097152"
    "memorysetup-job-temp-allocator-block-size-background=1048576"
    "memorysetup-job-temp-allocator-reduction-small-platforms=262144"
    "memorysetup-allocator-temp-initial-block-size-main=262144"
    "memorysetup-allocator-temp-initial-block-size-worker=262144"
    "memorysetup-temp-allocator-size-background-worker=32768"
    "memorysetup-temp-allocator-size-job-worker=262144"
    "memorysetup-temp-allocator-size-preload-manager=33554432"
    "memorysetup-temp-allocator-size-nav-mesh-worker=65536"
    "memorysetup-temp-allocator-size-audio-worker=65536"
    "memorysetup-temp-allocator-size-cloud-worker=32768"
    "memorysetup-temp-allocator-size-gi-baking-worker=262144"
    "memorysetup-temp-allocator-size-gfx=262144"
Player connection [4542825984] Host "[IP] 10.35.3.38 [Port] 0 [Flags] 2 [Guid] 3668663717 [EditorId] 3668663717 [Version] 1048832 [Id] OSXEditor(0,LCP4-BTH-228-M.linkedin.biz) [Debug] 1 [PackageName] OSXEditor [ProjectName] Editor" joined multi-casting on [225.0.0.222:54997]...

Player connection [4542825984] Host "[IP] 10.35.3.38 [Port] 0 [Flags] 2 [Guid] 3668663717 [EditorId] 3668663717 [Version] 1048832 [Id] OSXEditor(0,LCP4-BTH-228-M.linkedin.biz) [Debug] 1 [PackageName] OSXEditor [ProjectName] Editor" joined alternative multi-casting on [225.0.0.222:34997]...

Refreshing native plugins compatible for Editor in 7.35 ms, found 2 plugins.
Preloading 0 native plugins for Editor in 0.00 ms.
Initialize engine version: 2022.3.1f1 (f18e0c1b5784)
[Subsystems] Discovering subsystems at path /Applications/Unity/Hub/Editor/2022.3.1f1/Unity.app/Contents/Resources/UnitySubsystems
[Subsystems] Discovering subsystems at path /Users/linkedin/Kitchen/Assets
GfxDevice: creating device client; threaded=0; jobified=0
EV2785 preferred device: AMD Radeon HD - FirePro D700 (high power)
Metal devices available: 2
0: AMD Radeon HD - FirePro D700 (high power)
1: AMD Radeon HD - FirePro D700 (high power)
Using device AMD Radeon HD - FirePro D700 (high power)
Initializing Metal device caps: AMD Radeon HD - FirePro D700
Initialize mono
Mono path[0] = '/Applications/Unity/Hub/Editor/2022.3.1f1/Unity.app/Contents/Managed'
Mono path[1] = '/Applications/Unity/Hub/Editor/2022.3.1f1/Unity.app/Contents/MonoBleedingEdge/lib/mono/unityjit-macos'
Mono config path = '/Applications/Unity/Hub/Editor/2022.3.1f1/Unity.app/Contents/MonoBleedingEdge/etc'
Using monoOptions --debugger-agent=transport=dt_socket,embedding=1,server=y,suspend=n,address=127.0.0.1:56622
Begin MonoManager ReloadAssembly
Registering precompiled unity dll's ...
Register platform support module: /Applications/Unity/Hub/Editor/2022.3.1f1/Unity.app/Contents/PlaybackEngines/MacStandaloneSupport/UnityEditor.OSXStandalone.Extensions.dll
Registered in 0.002445 seconds.
- Loaded All Assemblies, in  0.565 seconds
Native extension for OSXStandalone target not found
Mono: successfully reloaded assembly
- Finished resetting the current domain, in  0.432 seconds
Domain Reload Profiling: 997ms
	BeginReloadAssembly (123ms)
		ExecutionOrderSort (0ms)
		DisableScriptedObjects (0ms)
		BackupInstance (0ms)
		ReleaseScriptingObjects (0ms)
		CreateAndSetChildDomain (1ms)
	RebuildCommonClasses (74ms)
	RebuildNativeTypeToScriptingClass (20ms)
	initialDomainReloadingComplete (85ms)
	LoadAllAssembliesAndSetupDomain (263ms)
		LoadAssemblies (122ms)
		RebuildTransferFunctionScriptingTraits (0ms)
		AnalyzeDomain (260ms)
			TypeCache.Refresh (258ms)
				TypeCache.ScanAssembly (239ms)
			ScanForSourceGeneratedMonoScriptInfo (1ms)
			ResolveRequiredComponents (1ms)
	FinalizeReload (432ms)
		ReleaseScriptCaches (0ms)
		RebuildScriptCaches (0ms)
		SetupLoadedEditorAssemblies (328ms)
			LogAssemblyErrors (0ms)
			InitializePlatformSupportModulesInManaged (12ms)
			SetLoadedEditorAssemblies (11ms)
			RefreshPlugins (0ms)
			BeforeProcessingInitializeOnLoad (3ms)
			ProcessInitializeOnLoadAttributes (225ms)
			ProcessInitializeOnLoadMethodAttributes (76ms)
			AfterProcessingInitializeOnLoad (0ms)
			EditorAssembliesLoaded (0ms)
		ExecutionOrderSort2 (0ms)
		AwakeInstancesAfterBackupRestoration (0ms)
========================================================================
Worker process is ready to serve import requests
Begin MonoManager ReloadAssembly
Symbol file LoadedFromMemory doesn't match image /Users/linkedin/Kitchen/Library/PackageCache/com.unity.visualscripting@1.8.0/Editor/VisualScripting.Core/Dependencies/YamlDotNet/Unity.VisualScripting.YamlDotNet.dll
Symbol file LoadedFromMemory doesn't match image /Users/linkedin/Kitchen/Library/PackageCache/com.unity.visualscripting@1.8.0/Editor/VisualScripting.Core/Dependencies/DotNetZip/Unity.VisualScripting.IonicZip.dll
- Loaded All Assemblies, in  1.420 seconds
Refreshing native plugins compatible for Editor in 3.11 ms, found 2 plugins.
Native extension for OSXStandalone target not found
Mono: successfully reloaded assembly
- Finished resetting the current domain, in  1.273 seconds
Domain Reload Profiling: 2694ms
	BeginReloadAssembly (197ms)
		ExecutionOrderSort (0ms)
		DisableScriptedObjects (10ms)
		BackupInstance (0ms)
		ReleaseScriptingObjects (0ms)
		CreateAndSetChildDomain (41ms)
	RebuildCommonClasses (70ms)
	RebuildNativeTypeToScriptingClass (20ms)
	initialDomainReloadingComplete (66ms)
	LoadAllAssembliesAndSetupDomain (1067ms)
		LoadAssemblies (410ms)
		RebuildTransferFunctionScriptingTraits (0ms)
		AnalyzeDomain (740ms)
			TypeCache.Refresh (678ms)
				TypeCache.ScanAssembly (660ms)
			ScanForSourceGeneratedMonoScriptInfo (42ms)
			ResolveRequiredComponents (20ms)
	FinalizeReload (1274ms)
		ReleaseScriptCaches (0ms)
		RebuildScriptCaches (0ms)
		SetupLoadedEditorAssemblies (949ms)
			LogAssemblyErrors (0ms)
			InitializePlatformSupportModulesInManaged (6ms)
			SetLoadedEditorAssemblies (5ms)
			RefreshPlugins (0ms)
			BeforeProcessingInitializeOnLoad (90ms)
			ProcessInitializeOnLoadAttributes (561ms)
			ProcessInitializeOnLoadMethodAttributes (285ms)
			AfterProcessingInitializeOnLoad (2ms)
			EditorAssembliesLoaded (0ms)
		ExecutionOrderSort2 (0ms)
		AwakeInstancesAfterBackupRestoration (6ms)
Launching external process: /Applications/Unity/Hub/Editor/2022.3.1f1/Unity.app/Contents/Tools/UnityShaderCompiler
Launched and connected shader compiler UnityShaderCompiler after 0.09 seconds
Refreshing native plugins compatible for Editor in 3.04 ms, found 2 plugins.
Preloading 0 native plugins for Editor in 0.00 ms.
Unloading 6175 Unused Serialized files (Serialized files now loaded: 0)
Unloading 99 unused Assets / (1.4 MB). Loaded Objects now: 6641.
Memory consumption went from 446.6 MB to 445.3 MB.
Total: 5.753325 ms (FindLiveObjects: 0.551971 ms CreateObjectMapping: 0.371663 ms MarkObjects: 4.366530 ms  DeleteObjects: 0.461764 ms)

AssetImportParameters requested are different than current active one (requested -> active):
  custom:container-demuxer-ogg: 62fdf1f143b41e24485cea50d1cbac27 -> 
  custom:video-decoder-ogg-theora: a1e56fd34408186e4bbccfd4996cb3dc -> 
  custom:container-demuxer-webm: 4f35f7cbe854078d1ac9338744f61a02 -> 
  custom:container-muxer-webm: aa71ff27fc2769a1b78a27578f13a17b -> 
  custom:video-decoder-webm-vp8: 9c59270c3fd7afecdb556c50c9e8de78 -> 
  custom:AudioImporter_EditorPlatform: 3918e3fc78b5a79bad01e8451be0beb8 -> 
  custom:framework-osx-AVFoundation: e770b220cccbd017edd2c1fefb359320 -> 
  custom:video-encoder-webm-vp8: eb34c28f22e8b96e1ab97ce403110664 -> 
  custom:audio-decoder-ogg-vorbis: bf7c407c2cedff20999df2af8eb42d56 -> 
  custom:audio-encoder-webm-vorbis: bf7c407c2cedff20999df2af8eb42d56 -> 
========================================================================
Received Import Request.
  Time since last request: 705831.555370 seconds.
  path: Assets/Default 1.asset
  artifactKey: Guid(c1ef41966e0fd4f029280d564058c994) Importer(815301076,1909f56bfc062723c751e8b465ee728b)
Start importing Assets/Default 1.asset using Guid(c1ef41966e0fd4f029280d564058c994) Importer(815301076,1909f56bfc062723c751e8b465ee728b)  -> (artifact id: '816c1af045d40fa052858d08aa72dfe3') in 0.012175 seconds
Number of updated asset objects reloaded before import = 0
Number of asset objects unloaded after import = 1
========================================================================
Received Import Request.
  Time since last request: 70014.014049 seconds.
  path: Assets/French Country Kitchen.fbx
  artifactKey: Guid(a9ed1409c484e4a4bacbaeb74703d98a) Importer(815301076,1909f56bfc062723c751e8b465ee728b)
Start importing Assets/French Country Kitchen.fbx using Guid(a9ed1409c484e4a4bacbaeb74703d98a) Importer(815301076,1909f56bfc062723c751e8b465ee728b)  -> (artifact id: '6a1d4280899402b531fa65bf71088c06') in 0.196559 seconds
Number of updated asset objects reloaded before import = 0
Number of asset objects unloaded after import = 1303
========================================================================
Received Import Request.
  Time since last request: 790.486780 seconds.
  path: Assets/Materials/Acajou wood.mat
  artifactKey: Guid(94101f0f1993642ec81de3d8be0cd8aa) Importer(815301076,1909f56bfc062723c751e8b465ee728b)
Start importing Assets/Materials/Acajou wood.mat using Guid(94101f0f1993642ec81de3d8be0cd8aa) Importer(815301076,1909f56bfc062723c751e8b465ee728b)  -> (artifact id: '6a179b35b41c0bd94004923d6aa59820') in 0.003102 seconds
Number of updated asset objects reloaded before import = 1
Number of asset objects unloaded after import = 1
========================================================================
Received Import Request.
  Time since last request: 0.000852 seconds.
  path: Assets/Materials/Book 2.mat
  artifactKey: Guid(ff7ca55f4e04346b4a2e69eb0e20afb6) Importer(815301076,1909f56bfc062723c751e8b465ee728b)
Start importing Assets/Materials/Book 2.mat using Guid(ff7ca55f4e04346b4a2e69eb0e20afb6) Importer(815301076,1909f56bfc062723c751e8b465ee728b)  -> (artifact id: '6af0c0c0d67ec1dfe37f1c3092b0e591') in 0.001231 seconds
Number of updated asset objects reloaded before import = 0
Number of asset objects unloaded after import = 1
========================================================================
Received Import Request.
  Time since last request: 0.000069 seconds.
  path: Assets/Materials/Book 1.mat
  artifactKey: Guid(724accedd498b4919b941ac965c8985d) Importer(815301076,1909f56bfc062723c751e8b465ee728b)
Start importing Assets/Materials/Book 1.mat using Guid(724accedd498b4919b941ac965c8985d) Importer(815301076,1909f56bfc062723c751e8b465ee728b)  -> (artifact id: '79cfe27bba25c6b55cbb4fdb813893aa') in 0.001427 seconds
Number of updated asset objects reloaded before import = 0
Number of asset objects unloaded after import = 1
========================================================================
Received Import Request.
  Time since last request: 0.000060 seconds.
  path: Assets/Materials/Book 3.mat
  artifactKey: Guid(6c817a1d601e14d68ba3d17d3bc9a864) Importer(815301076,1909f56bfc062723c751e8b465ee728b)
Start importing Assets/Materials/Book 3.mat using Guid(6c817a1d601e14d68ba3d17d3bc9a864) Importer(815301076,1909f56bfc062723c751e8b465ee728b)  -> (artifact id: 'bee5bae6ba79bfc23abbde0ac727cf30') in 0.001510 seconds
Number of updated asset objects reloaded before import = 0
Number of asset objects unloaded after import = 1
========================================================================
Received Import Request.
  Time since last request: 0.000096 seconds.
  path: Assets/Materials/Dirt.mat
  artifactKey: Guid(1464aa47622974decbe03dfeeb09fd16) Importer(815301076,1909f56bfc062723c751e8b465ee728b)
Start importing Assets/Materials/Dirt.mat using Guid(1464aa47622974decbe03dfeeb09fd16) Importer(815301076,1909f56bfc062723c751e8b465ee728b)  -> (artifact id: '4d3e8d1ae553b78d7b3d8daf11115ab9') in 0.001831 seconds
Number of updated asset objects reloaded before import = 0
Number of asset objects unloaded after import = 1
========================================================================
Received Import Request.
  Time since last request: 0.000081 seconds.
  path: Assets/Materials/Vase.mat
  artifactKey: Guid(e6473f183c8634386a52c5bb1d89ed4f) Importer(815301076,1909f56bfc062723c751e8b465ee728b)
Start importing Assets/Materials/Vase.mat using Guid(e6473f183c8634386a52c5bb1d89ed4f) Importer(815301076,1909f56bfc062723c751e8b465ee728b)  -> (artifact id: '70af1caba285c7f08e25327b187d0c4d') in 0.001384 seconds
Number of updated asset objects reloaded before import = 0
Number of asset objects unloaded after import = 1
========================================================================
Received Import Request.
  Time since last request: 0.000124 seconds.
  path: Assets/Materials/Steel Glossy.mat
  artifactKey: Guid(727e97869bf024f3d805043364f732c7) Importer(815301076,1909f56bfc062723c751e8b465ee728b)
Start importing Assets/Materials/Steel Glossy.mat using Guid(727e97869bf024f3d805043364f732c7) Importer(815301076,1909f56bfc062723c751e8b465ee728b)  -> (artifact id: '0fc55a30b1f304953f9107ca601d1cdc') in 0.002536 seconds
Number of updated asset objects reloaded before import = 0
Number of asset objects unloaded after import = 1
========================================================================
Received Import Request.
  Time since last request: 0.007212 seconds.
  path: Assets/Materials/Glass.mat
  artifactKey: Guid(720012cf856794b69b1f1f2eea4da41b) Importer(815301076,1909f56bfc062723c751e8b465ee728b)
Start importing Assets/Materials/Glass.mat using Guid(720012cf856794b69b1f1f2eea4da41b) Importer(815301076,1909f56bfc062723c751e8b465ee728b)  -> (artifact id: 'c755e443b21f28a3d74f53464182dd50') in 0.001433 seconds
Number of updated asset objects reloaded before import = 0
Number of asset objects unloaded after import = 1
========================================================================
Received Import Request.
  Time since last request: 0.000208 seconds.
  path: Assets/Materials/Countertops.mat
  artifactKey: Guid(949aea9c3df2f400284d0140e38415d6) Importer(815301076,1909f56bfc062723c751e8b465ee728b)
Start importing Assets/Materials/Countertops.mat using Guid(949aea9c3df2f400284d0140e38415d6) Importer(815301076,1909f56bfc062723c751e8b465ee728b)  -> (artifact id: '2589597b848a00d06b5cbf217108652d') in 0.001429 seconds
Number of updated asset objects reloaded before import = 0
Number of asset objects unloaded after import = 1
========================================================================
Received Import Request.
  Time since last request: 0.000106 seconds.
  path: Assets/Materials/Clock.mat
  artifactKey: Guid(49b1eff0ea61f4061a36dc7f5f523940) Importer(815301076,1909f56bfc062723c751e8b465ee728b)
Start importing Assets/Materials/Clock.mat using Guid(49b1eff0ea61f4061a36dc7f5f523940) Importer(815301076,1909f56bfc062723c751e8b465ee728b)  -> (artifact id: '14f9643ce2d3e4e03f9514ae5ede2d09') in 0.002063 seconds
Number of updated asset objects reloaded before import = 0
Number of asset objects unloaded after import = 1
========================================================================
Received Import Request.
  Time since last request: 0.000126 seconds.
  path: Assets/Materials/White Walls.mat
  artifactKey: Guid(704122c4ce7ac400ca040e5a0e37ac3b) Importer(815301076,1909f56bfc062723c751e8b465ee728b)
Start importing Assets/Materials/White Walls.mat using Guid(704122c4ce7ac400ca040e5a0e37ac3b) Importer(815301076,1909f56bfc062723c751e8b465ee728b)  -> (artifact id: 'babae17c0ff0686146299733b6eda2c6') in 0.001378 seconds
Number of updated asset objects reloaded before import = 0
Number of asset objects unloaded after import = 1
Editor requested this worker to shutdown with reason: Scaling down because of idle timeout
TcpMessagingSession - receive error: operation aborted. errorcode: 89, details: Operation aborted.
AssetImportWorker is now disconnected from the server
Process exiting
