Unity Editor version:    2022.3.1f1 (f18e0c1b5784)
Branch:                  2022.3/staging
Build type:              Release
Batch mode:              YES
macOS version:           Version 13.4 (Build 22F66)
Darwin version:          22.5.0
Architecture:            arm64
Running under Rosetta:   NO
Available memory:        131072 MB
Using pre-set license
Pro License: YES

COMMAND LINE ARGUMENTS:
/Applications/Unity/Hub/Editor/2022.3.1f1/Unity.app/Contents/MacOS/Unity
-adb2
-batchMode
-noUpm
-name
AssetImportWorker0
-projectPath
/Users/linkedin/Kitchen
-logFile
Logs/AssetImportWorker0.log
-srvPort
49470
Successfully changed project path to: /Users/linkedin/Kitchen
/Users/linkedin/Kitchen
[UnityMemory] Configuration Parameters - Can be set up in boot.config
    "memorysetup-bucket-allocator-granularity=16"
    "memorysetup-bucket-allocator-bucket-count=8"
    "memorysetup-bucket-allocator-block-size=33554432"
    "memorysetup-bucket-allocator-block-count=8"
    "memorysetup-main-allocator-block-size=16777216"
    "memorysetup-thread-allocator-block-size=16777216"
    "memorysetup-gfx-main-allocator-block-size=16777216"
    "memorysetup-gfx-thread-allocator-block-size=16777216"
    "memorysetup-cache-allocator-block-size=4194304"
    "memorysetup-typetree-allocator-block-size=2097152"
    "memorysetup-profiler-bucket-allocator-granularity=16"
    "memorysetup-profiler-bucket-allocator-bucket-count=8"
    "memorysetup-profiler-bucket-allocator-block-size=33554432"
    "memorysetup-profiler-bucket-allocator-block-count=8"
    "memorysetup-profiler-allocator-block-size=16777216"
    "memorysetup-profiler-editor-allocator-block-size=1048576"
    "memorysetup-temp-allocator-size-main=16777216"
    "memorysetup-job-temp-allocator-block-size=2097152"
    "memorysetup-job-temp-allocator-block-size-background=1048576"
    "memorysetup-job-temp-allocator-reduction-small-platforms=262144"
    "memorysetup-allocator-temp-initial-block-size-main=262144"
    "memorysetup-allocator-temp-initial-block-size-worker=262144"
    "memorysetup-temp-allocator-size-background-worker=32768"
    "memorysetup-temp-allocator-size-job-worker=262144"
    "memorysetup-temp-allocator-size-preload-manager=33554432"
    "memorysetup-temp-allocator-size-nav-mesh-worker=65536"
    "memorysetup-temp-allocator-size-audio-worker=65536"
    "memorysetup-temp-allocator-size-cloud-worker=32768"
    "memorysetup-temp-allocator-size-gi-baking-worker=262144"
    "memorysetup-temp-allocator-size-gfx=262144"
Player connection [8240848384] Host "[IP] 10.35.3.111 [Port] 0 [Flags] 2 [Guid] 2547227314 [EditorId] 2547227314 [Version] 1048832 [Id] OSXEditor(0,LCP4-BTH-420-M.linkedin.biz) [Debug] 1 [PackageName] OSXEditor [ProjectName] Editor" joined multi-casting on [225.0.0.222:54997]...

Player connection [8240848384] Host "[IP] 10.35.3.111 [Port] 0 [Flags] 2 [Guid] 2547227314 [EditorId] 2547227314 [Version] 1048832 [Id] OSXEditor(0,LCP4-BTH-420-M.linkedin.biz) [Debug] 1 [PackageName] OSXEditor [ProjectName] Editor" joined alternative multi-casting on [225.0.0.222:34997]...

Refreshing native plugins compatible for Editor in 2.71 ms, found 2 plugins.
Preloading 0 native plugins for Editor in 0.00 ms.
Initialize engine version: 2022.3.1f1 (f18e0c1b5784)
[Subsystems] Discovering subsystems at path /Applications/Unity/Hub/Editor/2022.3.1f1/Unity.app/Contents/Resources/UnitySubsystems
[Subsystems] Discovering subsystems at path /Users/linkedin/Kitchen/Assets
GfxDevice: creating device client; threaded=0; jobified=0
 preferred device: Apple M1 Ultra (high power)
Metal devices available: 1
0: Apple M1 Ultra (high power)
Using device Apple M1 Ultra (high power)
Initializing Metal device caps: Apple M1 Ultra
Initialize mono
Mono path[0] = '/Applications/Unity/Hub/Editor/2022.3.1f1/Unity.app/Contents/Managed'
Mono path[1] = '/Applications/Unity/Hub/Editor/2022.3.1f1/Unity.app/Contents/MonoBleedingEdge/lib/mono/unityjit-macos'
Mono config path = '/Applications/Unity/Hub/Editor/2022.3.1f1/Unity.app/Contents/MonoBleedingEdge/etc'
Using monoOptions --debugger-agent=transport=dt_socket,embedding=1,server=y,suspend=n,address=127.0.0.1:56528
Begin MonoManager ReloadAssembly
Registering precompiled unity dll's ...
Register platform support module: /Applications/Unity/Hub/Editor/2022.3.1f1/PlaybackEngines/WebGLSupport/UnityEditor.WebGL.Extensions.dll
Register platform support module: /Applications/Unity/Hub/Editor/2022.3.1f1/Unity.app/Contents/PlaybackEngines/MacStandaloneSupport/UnityEditor.OSXStandalone.Extensions.dll
Registered in 0.001037 seconds.
- Loaded All Assemblies, in  0.203 seconds
Native extension for OSXStandalone target not found
Native extension for WebGL target not found
Mono: successfully reloaded assembly
- Finished resetting the current domain, in  0.144 seconds
Domain Reload Profiling: 347ms
	BeginReloadAssembly (40ms)
		ExecutionOrderSort (0ms)
		DisableScriptedObjects (0ms)
		BackupInstance (0ms)
		ReleaseScriptingObjects (0ms)
		CreateAndSetChildDomain (0ms)
	RebuildCommonClasses (29ms)
	RebuildNativeTypeToScriptingClass (8ms)
	initialDomainReloadingComplete (28ms)
	LoadAllAssembliesAndSetupDomain (97ms)
		LoadAssemblies (39ms)
		RebuildTransferFunctionScriptingTraits (0ms)
		AnalyzeDomain (96ms)
			TypeCache.Refresh (95ms)
				TypeCache.ScanAssembly (88ms)
			ScanForSourceGeneratedMonoScriptInfo (0ms)
			ResolveRequiredComponents (0ms)
	FinalizeReload (144ms)
		ReleaseScriptCaches (0ms)
		RebuildScriptCaches (0ms)
		SetupLoadedEditorAssemblies (105ms)
			LogAssemblyErrors (0ms)
			InitializePlatformSupportModulesInManaged (4ms)
			SetLoadedEditorAssemblies (3ms)
			RefreshPlugins (0ms)
			BeforeProcessingInitializeOnLoad (1ms)
			ProcessInitializeOnLoadAttributes (72ms)
			ProcessInitializeOnLoadMethodAttributes (25ms)
			AfterProcessingInitializeOnLoad (0ms)
			EditorAssembliesLoaded (0ms)
		ExecutionOrderSort2 (0ms)
		AwakeInstancesAfterBackupRestoration (0ms)
========================================================================
Worker process is ready to serve import requests
Begin MonoManager ReloadAssembly
Symbol file LoadedFromMemory doesn't match image /Users/linkedin/Kitchen/Library/PackageCache/com.unity.visualscripting@1.8.0/Editor/VisualScripting.Core/Dependencies/YamlDotNet/Unity.VisualScripting.YamlDotNet.dll
Symbol file LoadedFromMemory doesn't match image /Users/linkedin/Kitchen/Library/PackageCache/com.unity.visualscripting@1.8.0/Editor/VisualScripting.Core/Dependencies/DotNetZip/Unity.VisualScripting.IonicZip.dll
- Loaded All Assemblies, in  0.503 seconds
Refreshing native plugins compatible for Editor in 0.94 ms, found 2 plugins.
Native extension for OSXStandalone target not found
Native extension for WebGL target not found
Mono: successfully reloaded assembly
- Finished resetting the current domain, in  0.450 seconds
Domain Reload Profiling: 953ms
	BeginReloadAssembly (71ms)
		ExecutionOrderSort (0ms)
		DisableScriptedObjects (3ms)
		BackupInstance (0ms)
		ReleaseScriptingObjects (0ms)
		CreateAndSetChildDomain (18ms)
	RebuildCommonClasses (27ms)
	RebuildNativeTypeToScriptingClass (8ms)
	initialDomainReloadingComplete (22ms)
	LoadAllAssembliesAndSetupDomain (375ms)
		LoadAssemblies (127ms)
		RebuildTransferFunctionScriptingTraits (0ms)
		AnalyzeDomain (271ms)
			TypeCache.Refresh (251ms)
				TypeCache.ScanAssembly (243ms)
			ScanForSourceGeneratedMonoScriptInfo (13ms)
			ResolveRequiredComponents (7ms)
	FinalizeReload (450ms)
		ReleaseScriptCaches (0ms)
		RebuildScriptCaches (0ms)
		SetupLoadedEditorAssemblies (322ms)
			LogAssemblyErrors (0ms)
			InitializePlatformSupportModulesInManaged (3ms)
			SetLoadedEditorAssemblies (3ms)
			RefreshPlugins (0ms)
			BeforeProcessingInitializeOnLoad (44ms)
			ProcessInitializeOnLoadAttributes (184ms)
			ProcessInitializeOnLoadMethodAttributes (87ms)
			AfterProcessingInitializeOnLoad (1ms)
			EditorAssembliesLoaded (0ms)
		ExecutionOrderSort2 (0ms)
		AwakeInstancesAfterBackupRestoration (2ms)
Launching external process: /Applications/Unity/Hub/Editor/2022.3.1f1/Unity.app/Contents/Tools/UnityShaderCompiler
Launched and connected shader compiler UnityShaderCompiler after 0.05 seconds
Refreshing native plugins compatible for Editor in 0.89 ms, found 2 plugins.
Preloading 0 native plugins for Editor in 0.00 ms.
Unloading 6551 Unused Serialized files (Serialized files now loaded: 0)
Unloading 106 unused Assets / (1.4 MB). Loaded Objects now: 7018.
Memory consumption went from 310.5 MB to 309.1 MB.
Total: 3.082792 ms (FindLiveObjects: 0.181500 ms CreateObjectMapping: 0.075250 ms MarkObjects: 2.480334 ms  DeleteObjects: 0.345333 ms)

AssetImportParameters requested are different than current active one (requested -> active):
  custom:container-demuxer-ogg: 62fdf1f143b41e24485cea50d1cbac27 -> 
  custom:container-muxer-webm: aa71ff27fc2769a1b78a27578f13a17b -> 
  custom:video-decoder-webm-vp8: 9c59270c3fd7afecdb556c50c9e8de78 -> 
  custom:AudioImporter_EditorPlatform: 3918e3fc78b5a79bad01e8451be0beb8 -> 
  custom:audio-decoder-ogg-vorbis: bf7c407c2cedff20999df2af8eb42d56 -> 
  custom:audio-encoder-webm-vorbis: bf7c407c2cedff20999df2af8eb42d56 -> 
  custom:video-decoder-ogg-theora: a1e56fd34408186e4bbccfd4996cb3dc -> 
  custom:container-demuxer-webm: 4f35f7cbe854078d1ac9338744f61a02 -> 
  custom:framework-osx-AVFoundation: e770b220cccbd017edd2c1fefb359320 -> 
  custom:video-encoder-webm-vp8: eb34c28f22e8b96e1ab97ce403110664 -> 
========================================================================
Received Import Request.
  Time since last request: 3011.590223 seconds.
  path: Assets/Animations/Timeline.playable
  artifactKey: Guid(80c66518e5e8441ce8ebe9dad4587544) Importer(815301076,1909f56bfc062723c751e8b465ee728b)
Start importing Assets/Animations/Timeline.playable using Guid(80c66518e5e8441ce8ebe9dad4587544) Importer(815301076,1909f56bfc062723c751e8b465ee728b)  -> (artifact id: '888e70be168146bc7efa55ad65853bec') in 0.007035 seconds
Number of updated asset objects reloaded before import = 0
Number of asset objects unloaded after import = 1
========================================================================
Received Import Request.
  Time since last request: 45.151649 seconds.
  path: Assets/Audio/011242537 outdoor sounds 2.wav
  artifactKey: Guid(8d3ad4e858a88403bbd8fbe8d87f0e95) Importer(815301076,1909f56bfc062723c751e8b465ee728b)
Start importing Assets/Audio/011242537 outdoor sounds 2.wav using Guid(8d3ad4e858a88403bbd8fbe8d87f0e95) Importer(815301076,1909f56bfc062723c751e8b465ee728b)  -> (artifact id: '82939d63d1893598aae901a1a3e2e174') in 0.001949 seconds
Number of updated asset objects reloaded before import = 0
Number of asset objects unloaded after import = 1
========================================================================
Received Import Request.
  Time since last request: 0.000115 seconds.
  path: Assets/Audio/Kitchen.mixer
  artifactKey: Guid(cc5ea08d139f3437484e572a3990e873) Importer(815301076,1909f56bfc062723c751e8b465ee728b)
Start importing Assets/Audio/Kitchen.mixer using Guid(cc5ea08d139f3437484e572a3990e873) Importer(815301076,1909f56bfc062723c751e8b465ee728b)  -> (artifact id: '3991e1bac3586558bde6d88246a256de') in 0.001369 seconds
Number of updated asset objects reloaded before import = 0
Number of asset objects unloaded after import = 8
========================================================================
Received Import Request.
  Time since last request: 7.433440 seconds.
  path: Assets/Audio/Cloudy Sunset.mp3
  artifactKey: Guid(63beaced599974696bb3ffc466b526b5) Importer(815301076,1909f56bfc062723c751e8b465ee728b)
Start importing Assets/Audio/Cloudy Sunset.mp3 using Guid(63beaced599974696bb3ffc466b526b5) Importer(815301076,1909f56bfc062723c751e8b465ee728b)  -> (artifact id: '3ebe172bd9f894dc3d4148d2da785b30') in 0.000722 seconds
Number of updated asset objects reloaded before import = 0
Number of asset objects unloaded after import = 1
========================================================================
Received Import Request.
  Time since last request: 470.937158 seconds.
  path: Assets/Materials/Acajou wood.mat
  artifactKey: Guid(94101f0f1993642ec81de3d8be0cd8aa) Importer(815301076,1909f56bfc062723c751e8b465ee728b)
Start importing Assets/Materials/Acajou wood.mat using Guid(94101f0f1993642ec81de3d8be0cd8aa) Importer(815301076,1909f56bfc062723c751e8b465ee728b)  -> (artifact id: '6a179b35b41c0bd94004923d6aa59820') in 0.001151 seconds
Number of updated asset objects reloaded before import = 0
Number of asset objects unloaded after import = 1
========================================================================
Received Import Request.
  Time since last request: 0.000166 seconds.
  path: Assets/Materials/Book 1.mat
  artifactKey: Guid(724accedd498b4919b941ac965c8985d) Importer(815301076,1909f56bfc062723c751e8b465ee728b)
Start importing Assets/Materials/Book 1.mat using Guid(724accedd498b4919b941ac965c8985d) Importer(815301076,1909f56bfc062723c751e8b465ee728b)  -> (artifact id: '79cfe27bba25c6b55cbb4fdb813893aa') in 0.001733 seconds
Number of updated asset objects reloaded before import = 0
Number of asset objects unloaded after import = 1
========================================================================
Received Import Request.
  Time since last request: 0.000181 seconds.
  path: Assets/Materials/Steel Glossy.mat
  artifactKey: Guid(80cf7549cca3d4be0b3d1bbdf13f3965) Importer(815301076,1909f56bfc062723c751e8b465ee728b)
Start importing Assets/Materials/Steel Glossy.mat using Guid(80cf7549cca3d4be0b3d1bbdf13f3965) Importer(815301076,1909f56bfc062723c751e8b465ee728b)  -> (artifact id: '685e5a3eaea71a7aa29ae6bdd5564694') in 0.001097 seconds
Number of updated asset objects reloaded before import = 0
Number of asset objects unloaded after import = 1
========================================================================
Received Import Request.
  Time since last request: 0.000167 seconds.
  path: Assets/Materials/Knobs.mat
  artifactKey: Guid(8b30a24481bfa47248381067c1aeed04) Importer(815301076,1909f56bfc062723c751e8b465ee728b)
Start importing Assets/Materials/Knobs.mat using Guid(8b30a24481bfa47248381067c1aeed04) Importer(815301076,1909f56bfc062723c751e8b465ee728b)  -> (artifact id: '04587224b54366c557b06fd1a3e2a5e2') in 0.000923 seconds
Number of updated asset objects reloaded before import = 0
Number of asset objects unloaded after import = 1
========================================================================
Received Import Request.
  Time since last request: 0.000106 seconds.
  path: Assets/Materials/White Plastic.mat
  artifactKey: Guid(91cd6ac023faa4185856915df9b09dee) Importer(815301076,1909f56bfc062723c751e8b465ee728b)
Start importing Assets/Materials/White Plastic.mat using Guid(91cd6ac023faa4185856915df9b09dee) Importer(815301076,1909f56bfc062723c751e8b465ee728b)  -> (artifact id: '6fb6566e5bbf8b419fff70a8bae55236') in 0.000796 seconds
Number of updated asset objects reloaded before import = 0
Number of asset objects unloaded after import = 1
========================================================================
Received Import Request.
  Time since last request: 0.000136 seconds.
  path: Assets/Materials/Vase.mat
  artifactKey: Guid(e6473f183c8634386a52c5bb1d89ed4f) Importer(815301076,1909f56bfc062723c751e8b465ee728b)
Start importing Assets/Materials/Vase.mat using Guid(e6473f183c8634386a52c5bb1d89ed4f) Importer(815301076,1909f56bfc062723c751e8b465ee728b)  -> (artifact id: '70af1caba285c7f08e25327b187d0c4d') in 0.000807 seconds
Number of updated asset objects reloaded before import = 0
Number of asset objects unloaded after import = 1
========================================================================
Received Import Request.
  Time since last request: 0.000114 seconds.
  path: Assets/Materials/Chrome.mat
  artifactKey: Guid(529ab61e63de14f7095c403096c9a560) Importer(815301076,1909f56bfc062723c751e8b465ee728b)
Start importing Assets/Materials/Chrome.mat using Guid(529ab61e63de14f7095c403096c9a560) Importer(815301076,1909f56bfc062723c751e8b465ee728b)  -> (artifact id: '29889e44c5f1d77189695480329f0a9b') in 0.000817 seconds
Number of updated asset objects reloaded before import = 0
Number of asset objects unloaded after import = 1
========================================================================
Received Import Request.
  Time since last request: 0.000199 seconds.
  path: Assets/Materials/Wood chairs.mat
  artifactKey: Guid(a1bbd35d046a6457fae91582ec89ef0b) Importer(815301076,1909f56bfc062723c751e8b465ee728b)
Start importing Assets/Materials/Wood chairs.mat using Guid(a1bbd35d046a6457fae91582ec89ef0b) Importer(815301076,1909f56bfc062723c751e8b465ee728b)  -> (artifact id: 'f7c1382bc6f38fc1439eac1ca11f1fbf') in 0.000830 seconds
Number of updated asset objects reloaded before import = 0
Number of asset objects unloaded after import = 1
========================================================================
Received Import Request.
  Time since last request: 0.000129 seconds.
  path: Assets/Materials/Countertops.mat
  artifactKey: Guid(949aea9c3df2f400284d0140e38415d6) Importer(815301076,1909f56bfc062723c751e8b465ee728b)
Start importing Assets/Materials/Countertops.mat using Guid(949aea9c3df2f400284d0140e38415d6) Importer(815301076,1909f56bfc062723c751e8b465ee728b)  -> (artifact id: '2589597b848a00d06b5cbf217108652d') in 0.000786 seconds
Number of updated asset objects reloaded before import = 0
Number of asset objects unloaded after import = 1
========================================================================
Received Import Request.
  Time since last request: 0.000123 seconds.
  path: Assets/Materials/Clock.mat
  artifactKey: Guid(49b1eff0ea61f4061a36dc7f5f523940) Importer(815301076,1909f56bfc062723c751e8b465ee728b)
Start importing Assets/Materials/Clock.mat using Guid(49b1eff0ea61f4061a36dc7f5f523940) Importer(815301076,1909f56bfc062723c751e8b465ee728b)  -> (artifact id: '10e0b290243a7603fb79490f26f70e51') in 0.000673 seconds
Number of updated asset objects reloaded before import = 0
Number of asset objects unloaded after import = 1
========================================================================
Received Import Request.
  Time since last request: 0.000145 seconds.
  path: Assets/Materials/Green Walls.mat
  artifactKey: Guid(86f71f3000baf4ddd9957053cb87fb5e) Importer(815301076,1909f56bfc062723c751e8b465ee728b)
Start importing Assets/Materials/Green Walls.mat using Guid(86f71f3000baf4ddd9957053cb87fb5e) Importer(815301076,1909f56bfc062723c751e8b465ee728b)  -> (artifact id: '8f04b2a0adf9a3ad7e869d27ae9e4fec') in 0.000779 seconds
Number of updated asset objects reloaded before import = 0
Number of asset objects unloaded after import = 1
Editor requested this worker to shutdown with reason: Scaling down because of idle timeout
TcpMessagingSession - receive error: operation aborted. errorcode: 89, details: Operation aborted.
AssetImportWorker is now disconnected from the server
Process exiting
